09/11/2022 12:37:43 PM	Se ingreso un argumento incorrecto
12/11/2022 06:04:43 PM	Error por archivo inexistente
12/11/2022 06:06:23 PM	Error por archivo inexistente
12/11/2022 06:49:11 PM	Error por no agregar archivo a escanear
12/11/2022 06:52:27 PM	Error por no agregar archivo a escanear
12/11/2022 06:52:27 PM	Error por falta de red
12/11/2022 06:55:23 PM	Error por no agregar archivo a escanear
12/11/2022 06:55:23 PM	Error por archivo inexistente
12/11/2022 06:55:23 PM	Error por archivo inexistente
12/11/2022 06:56:10 PM	Error por no agregar archivo a escanear
12/11/2022 06:56:10 PM	Error por archivo inexistente
12/11/2022 06:56:10 PM	Error por archivo inexistente
12/11/2022 06:59:49 PM	Error por no agregar archivo de la llave
12/11/2022 07:01:28 PM	Error por no agregar archivo de la llave
12/11/2022 07:01:28 PM	Se agrego un nombre incorecto a la api
12/11/2022 07:01:28 PM	Error por archivo inexistente
12/11/2022 07:01:28 PM	Error por archivo inexistente
14/11/2022 04:03:22 AM	Error al no encontrar imagen
14/11/2022 04:06:07 AM	Error al no encontrar imagen
14/11/2022 04:06:07 AM	Error al no tener valor para procesar
14/11/2022 04:07:48 AM	Error al no encontrar imagen
14/11/2022 04:07:48 AM	Error al no tener valor para procesar
14/11/2022 04:09:04 AM	Error al no encontrar imagen
14/11/2022 04:09:04 AM	Error al no tener valor para procesar
14/11/2022 04:09:04 AM	Error al no encontrar archivo pdf
14/11/2022 04:11:54 AM	Error al no encontrar imagen
14/11/2022 04:11:54 AM	Error al no tener valor para procesar
14/11/2022 04:11:54 AM	Error al no encontrar archivo pdf
14/11/2022 04:11:54 AM	Error al no tener valor para procesar
14/11/2022 04:12:04 AM	Error al no encontrar imagen
14/11/2022 04:12:04 AM	Error al no tener valor para procesar
14/11/2022 04:12:04 AM	Error al no encontrar archivo pdf
14/11/2022 04:12:04 AM	Error al no tener valor para procesar
14/11/2022 05:04:10 AM	Error al no encontrar imagen
14/11/2022 05:04:10 AM	Error al no tener valor para procesar
14/11/2022 05:04:10 AM	Error al no encontrar archivo pdf
14/11/2022 05:04:10 AM	Error al no tener valor para procesar
